  compilation object save succeeded; see C:\ProjetosProgramacao\ProgramacaoDeJogos\Lab22\Projectile\Projectile\Shaders\Pixel.cso
  compilation object save succeeded; see C:\ProjetosProgramacao\ProgramacaoDeJogos\Lab22\Projectile\Projectile\Shaders\Vertex.cso
  Animation.cpp
  Audio.cpp
  Cannon.cpp
  Controller.cpp
  Engine.cpp
  Font.cpp
  Game.cpp
  Geometry.cpp
  Graphics.cpp
  Image.cpp
  Ball.cpp
  Object.cpp
  Projectile.cpp
  Renderer.cpp
  Scene.cpp
  Sound.cpp
  Sprite.cpp
  Texture.cpp
  TileSet.cpp
  Timer.cpp
  Vector.cpp
  Window.cpp
  Projectile.vcxproj -> C:\ProjetosProgramacao\ProgramacaoDeJogos\Lab22\Projectile\x64\Debug\Projectile.exe
